Arguments: 
  /usr/local/bin/node /usr/share/yarn/bin/yarn.js

PATH: 
  /home/iampersistent/anaconda3/bin:/home/iampersistent/anaconda3/condabin:/home/iampersistent/.local/bin:/usr/local/sbin:/usr/local/bin:/usr/sbin:/usr/bin:/sbin:/bin:/usr/games:/usr/local/games:/home/iampersistent/Android/Sdk/platform-tools:/home/iampersistent/Android/Sdk/emulator:/usr/lib/jvm/java-11-oracle/bin:/usr/lib/jvm/java-11-oracle/db/bin:/home/iampersistent/Android/Sdk/platform-tools

Yarn version: 
  1.22.5

Node version: 
  16.2.0

Platform: 
  linux x64

Trace: 
  SyntaxError: /home/iampersistent/code/zestic/packages/app-storage/package.json: Unexpected token , in JSON at position 274
      at JSON.parse (<anonymous>)
      at /usr/share/yarn/lib/cli.js:1625:59
      at Generator.next (<anonymous>)
      at step (/usr/share/yarn/lib/cli.js:310:30)
      at /usr/share/yarn/lib/cli.js:321:13

npm manifest: 
  {
    "name": "@zestic/app-storage",
    "version": "0.9.1",
    "description": "",
    "main": "dist/index.cjs.js",
    "module": "dist/index.esm.js",
    "files": [
      "dist/**/*"
    ],
    "types": "dist/typings/index.d.ts",
    "keywords": [],
    "author": "",
    "license": "UNLICENSED",,
    "dependencies": {
      "@ionic/storage": "^3.0.6"
    },
    "devDependencies": {
      "typescript": "^4.3.5"
    },
    "repository": {
      "type": "git",
      "url": "git://github.com/zestic/app-storage.git"
    },
    "publishConfig": {
      "registry": "https://npm.pkg.github.com/"
    },
    "scripts": {
      "build": "yarn run build:js && yarn run build:types",
      "build:js": "rollup -c rollup.config.js",
      "build:types": "tsc -p tsconfig.build.json",
      "format": "prettier --write .",
      "lint": "yarn run lint:format && yarn run lint:js",
      "lint:format": "prettier --check .",
      "lint:js": "eslint ./src/**/*.{ts,tsx}"
    }
  }

yarn manifest: 
  No manifest

Lockfile: 
  # THIS IS AN AUTOGENERATED FILE. DO NOT EDIT THIS FILE DIRECTLY.
  # yarn lockfile v1
  
  
  "@ionic/storage@^3.0.6":
    version "3.0.6"
    resolved "https://registry.yarnpkg.com/@ionic/storage/-/storage-3.0.6.tgz#77affcf39afffa86536c97b388ad9c8ecc56d6d1"
    integrity sha512-sw+zSJINIpbQCGZR9mEtb9N0WmZLuhcMVqOZJBqLuDACAMdXqG39zmp5nSVqhGI1/9X3nd0K5gVn6icyVfUnUg==
    dependencies:
      localforage "^1.9.0"
  
  immediate@~3.0.5:
    version "3.0.6"
    resolved "https://registry.yarnpkg.com/immediate/-/immediate-3.0.6.tgz#9db1dbd0faf8de6fbe0f5dd5e56bb606280de69b"
    integrity sha1-nbHb0Pr43m++D13V5Wu2BigN5ps=
  
  lie@3.1.1:
    version "3.1.1"
    resolved "https://registry.yarnpkg.com/lie/-/lie-3.1.1.tgz#9a436b2cc7746ca59de7a41fa469b3efb76bd87e"
    integrity sha1-mkNrLMd0bKWd56QfpGmz77dr2H4=
    dependencies:
      immediate "~3.0.5"
  
  localforage@^1.9.0:
    version "1.9.0"
    resolved "https://registry.yarnpkg.com/localforage/-/localforage-1.9.0.tgz#f3e4d32a8300b362b4634cc4e066d9d00d2f09d1"
    integrity sha512-rR1oyNrKulpe+VM9cYmcFn6tsHuokyVHFaCM3+osEmxaHTbEk8oQu6eGDfS6DQLWi/N67XRmB8ECG37OES368g==
    dependencies:
      lie "3.1.1"
  
  typescript@^4.3.5:
    version "4.3.5"
    resolved "https://registry.yarnpkg.com/typescript/-/typescript-4.3.5.tgz#4d1c37cc16e893973c45a06886b7113234f119f4"
    integrity sha512-DqQgihaQ9cUrskJo9kIyW/+g0Vxsk8cDtZ52a3NGh0YNTfpUSArXSohyUGnvbPazEPLu398C0UxmKSOrPumUzA==
